The system is: Darwin - 16.0.0 - x86_64
Compiling the C compiler identification source file "CMakeCCompilerId.c" succeeded.
Compiler: /Library/Developer/CommandLineTools/usr/bin/cc 
Build flags: 
Id flags: 

The output was:
0


Compilation of the C compiler identification source "CMakeCCompilerId.c" produced "a.out"

The C compiler identification is AppleClang, found in "/Users/apple/Desktop/Json Interpreter/build/CMakeFiles/3.6.2/CompilerIdC/a.out"

Determining if the C compiler works passed with the following output:
Change Dir: /Users/apple/Desktop/Json Interpreter/build/CMakeFiles/CMakeTmp

Run Build Command:"/usr/bin/make" "cmTC_d8abb/fast"
/Library/Developer/CommandLineTools/usr/bin/make -f CMakeFiles/cmTC_d8abb.dir/build.make CMakeFiles/cmTC_d8abb.dir/build
Building C object CMakeFiles/cmTC_d8abb.dir/testCCompiler.c.o
/Library/Developer/CommandLineTools/usr/bin/cc     -o CMakeFiles/cmTC_d8abb.dir/testCCompiler.c.o   -c "/Users/apple/Desktop/Json Interpreter/build/CMakeFiles/CMakeTmp/testCCompiler.c"
Linking C executable cmTC_d8abb
/usr/local/Cellar/cmake/3.6.2/bin/cmake -E cmake_link_script CMakeFiles/cmTC_d8abb.dir/link.txt --verbose=1
/Library/Developer/CommandLineTools/usr/bin/cc    -Wl,-search_paths_first -Wl,-headerpad_max_install_names   CMakeFiles/cmTC_d8abb.dir/testCCompiler.c.o  -o cmTC_d8abb  


Detecting C compiler ABI info compiled with the following output:
Change Dir: /Users/apple/Desktop/Json Interpreter/build/CMakeFiles/CMakeTmp

Run Build Command:"/usr/bin/make" "cmTC_d319b/fast"
/Library/Developer/CommandLineTools/usr/bin/make -f CMakeFiles/cmTC_d319b.dir/build.make CMakeFiles/cmTC_d319b.dir/build
Building C object CMakeFiles/cmTC_d319b.dir/CMakeCCompilerABI.c.o
/Library/Developer/CommandLineTools/usr/bin/cc     -o CMakeFiles/cmTC_d319b.dir/CMakeCCompilerABI.c.o   -c /usr/local/Cellar/cmake/3.6.2/share/cmake/Modules/CMakeCCompilerABI.c
Linking C executable cmTC_d319b
/usr/local/Cellar/cmake/3.6.2/bin/cmake -E cmake_link_script CMakeFiles/cmTC_d319b.dir/link.txt --verbose=1
/Library/Developer/CommandLineTools/usr/bin/cc    -Wl,-search_paths_first -Wl,-headerpad_max_install_names  -v -Wl,-v CMakeFiles/cmTC_d319b.dir/CMakeCCompilerABI.c.o  -o cmTC_d319b   
Apple LLVM version 8.0.0 (clang-800.0.38)
Target: x86_64-apple-darwin16.0.0
Thread model: posix
InstalledDir: /Library/Developer/CommandLineTools/usr/bin
 "/Library/Developer/CommandLineTools/usr/bin/ld" -demangle -dynamic -arch x86_64 -macosx_version_min 10.12.0 -o cmTC_d319b -search_paths_first -headerpad_max_install_names -v CMakeFiles/cmTC_d319b.dir/CMakeCCompilerABI.c.o -lSystem /Library/Developer/CommandLineTools/usr/bin/../lib/clang/8.0.0/lib/darwin/libclang_rt.osx.a
@(#)PROGRAM:ld  PROJECT:ld64-274.1
configured to support archs: armv6 armv7 armv7s arm64 i386 x86_64 x86_64h armv6m armv7k armv7m armv7em (tvOS)
Library search paths:
	/usr/lib
	/usr/local/lib
Framework search paths:
	/Library/Frameworks/
	/System/Library/Frameworks/


Parsed C implicit link information from above output:
  link line regex: [^( *|.*[/\])(ld|([^/\]+-)?ld|collect2)[^/\]*( |$)]
  ignore line: [Change Dir: /Users/apple/Desktop/Json Interpreter/build/CMakeFiles/CMakeTmp]
  ignore line: []
  ignore line: [Run Build Command:"/usr/bin/make" "cmTC_d319b/fast"]
  ignore line: [/Library/Developer/CommandLineTools/usr/bin/make -f CMakeFiles/cmTC_d319b.dir/build.make CMakeFiles/cmTC_d319b.dir/build]
  ignore line: [Building C object CMakeFiles/cmTC_d319b.dir/CMakeCCompilerABI.c.o]
  ignore line: [/Library/Developer/CommandLineTools/usr/bin/cc     -o CMakeFiles/cmTC_d319b.dir/CMakeCCompilerABI.c.o   -c /usr/local/Cellar/cmake/3.6.2/share/cmake/Modules/CMakeCCompilerABI.c]
  ignore line: [Linking C executable cmTC_d319b]
  ignore line: [/usr/local/Cellar/cmake/3.6.2/bin/cmake -E cmake_link_script CMakeFiles/cmTC_d319b.dir/link.txt --verbose=1]
  ignore line: [/Library/Developer/CommandLineTools/usr/bin/cc    -Wl,-search_paths_first -Wl,-headerpad_max_install_names  -v -Wl,-v CMakeFiles/cmTC_d319b.dir/CMakeCCompilerABI.c.o  -o cmTC_d319b   ]
  ignore line: [Apple LLVM version 8.0.0 (clang-800.0.38)]
  ignore line: [Target: x86_64-apple-darwin16.0.0]
  ignore line: [Thread model: posix]
  ignore line: [InstalledDir: /Library/Developer/CommandLineTools/usr/bin]
  link line: [ "/Library/Developer/CommandLineTools/usr/bin/ld" -demangle -dynamic -arch x86_64 -macosx_version_min 10.12.0 -o cmTC_d319b -search_paths_first -headerpad_max_install_names -v CMakeFiles/cmTC_d319b.dir/CMakeCCompilerABI.c.o -lSystem /Library/Developer/CommandLineTools/usr/bin/../lib/clang/8.0.0/lib/darwin/libclang_rt.osx.a]
    arg [/Library/Developer/CommandLineTools/usr/bin/ld] ==> ignore
    arg [-demangle] ==> ignore
    arg [-dynamic] ==> ignore
    arg [-arch] ==> ignore
    arg [x86_64] ==> ignore
    arg [-macosx_version_min] ==> ignore
    arg [10.12.0] ==> ignore
    arg [-o] ==> ignore
    arg [cmTC_d319b] ==> ignore
    arg [-search_paths_first] ==> ignore
    arg [-headerpad_max_install_names] ==> ignore
    arg [-v] ==> ignore
    arg [CMakeFiles/cmTC_d319b.dir/CMakeCCompilerABI.c.o] ==> ignore
    arg [-lSystem] ==> lib [System]
    arg [/Library/Developer/CommandLineTools/usr/bin/../lib/clang/8.0.0/lib/darwin/libclang_rt.osx.a] ==> lib [/Library/Developer/CommandLineTools/usr/bin/../lib/clang/8.0.0/lib/darwin/libclang_rt.osx.a]
  Library search paths: [;/usr/lib;/usr/local/lib]
  Framework search paths: [;/Library/Frameworks/;/System/Library/Frameworks/]
  remove lib [System]
  collapse lib [/Library/Developer/CommandLineTools/usr/bin/../lib/clang/8.0.0/lib/darwin/libclang_rt.osx.a] ==> [/Library/Developer/CommandLineTools/usr/lib/clang/8.0.0/lib/darwin/libclang_rt.osx.a]
  collapse library dir [/usr/lib] ==> [/usr/lib]
  collapse library dir [/usr/local/lib] ==> [/usr/local/lib]
  collapse framework dir [/Library/Frameworks/] ==> [/Library/Frameworks]
  collapse framework dir [/System/Library/Frameworks/] ==> [/System/Library/Frameworks]
  implicit libs: [/Library/Developer/CommandLineTools/usr/lib/clang/8.0.0/lib/darwin/libclang_rt.osx.a]
  implicit dirs: [/usr/lib;/usr/local/lib]
  implicit fwks: [/Library/Frameworks;/System/Library/Frameworks]




Detecting C [-std=c11] compiler features compiled with the following output:
Change Dir: /Users/apple/Desktop/Json Interpreter/build/CMakeFiles/CMakeTmp

Run Build Command:"/usr/bin/make" "cmTC_fac5f/fast"
/Library/Developer/CommandLineTools/usr/bin/make -f CMakeFiles/cmTC_fac5f.dir/build.make CMakeFiles/cmTC_fac5f.dir/build
Building C object CMakeFiles/cmTC_fac5f.dir/feature_tests.c.o
/Library/Developer/CommandLineTools/usr/bin/cc    -std=c11 -o CMakeFiles/cmTC_fac5f.dir/feature_tests.c.o   -c "/Users/apple/Desktop/Json Interpreter/build/CMakeFiles/feature_tests.c"
Linking C executable cmTC_fac5f
/usr/local/Cellar/cmake/3.6.2/bin/cmake -E cmake_link_script CMakeFiles/cmTC_fac5f.dir/link.txt --verbose=1
/Library/Developer/CommandLineTools/usr/bin/cc    -Wl,-search_paths_first -Wl,-headerpad_max_install_names   CMakeFiles/cmTC_fac5f.dir/feature_tests.c.o  -o cmTC_fac5f  


    Feature record: C_FEATURE:1c_function_prototypes
    Feature record: C_FEATURE:1c_restrict
    Feature record: C_FEATURE:1c_static_assert
    Feature record: C_FEATURE:1c_variadic_macros


Detecting C [-std=c99] compiler features compiled with the following output:
Change Dir: /Users/apple/Desktop/Json Interpreter/build/CMakeFiles/CMakeTmp

Run Build Command:"/usr/bin/make" "cmTC_0f154/fast"
/Library/Developer/CommandLineTools/usr/bin/make -f CMakeFiles/cmTC_0f154.dir/build.make CMakeFiles/cmTC_0f154.dir/build
Building C object CMakeFiles/cmTC_0f154.dir/feature_tests.c.o
/Library/Developer/CommandLineTools/usr/bin/cc    -std=c99 -o CMakeFiles/cmTC_0f154.dir/feature_tests.c.o   -c "/Users/apple/Desktop/Json Interpreter/build/CMakeFiles/feature_tests.c"
Linking C executable cmTC_0f154
/usr/local/Cellar/cmake/3.6.2/bin/cmake -E cmake_link_script CMakeFiles/cmTC_0f154.dir/link.txt --verbose=1
/Library/Developer/CommandLineTools/usr/bin/cc    -Wl,-search_paths_first -Wl,-headerpad_max_install_names   CMakeFiles/cmTC_0f154.dir/feature_tests.c.o  -o cmTC_0f154  


    Feature record: C_FEATURE:1c_function_prototypes
    Feature record: C_FEATURE:1c_restrict
    Feature record: C_FEATURE:0c_static_assert
    Feature record: C_FEATURE:1c_variadic_macros


Detecting C [-std=c90] compiler features compiled with the following output:
Change Dir: /Users/apple/Desktop/Json Interpreter/build/CMakeFiles/CMakeTmp

Run Build Command:"/usr/bin/make" "cmTC_51196/fast"
/Library/Developer/CommandLineTools/usr/bin/make -f CMakeFiles/cmTC_51196.dir/build.make CMakeFiles/cmTC_51196.dir/build
Building C object CMakeFiles/cmTC_51196.dir/feature_tests.c.o
/Library/Developer/CommandLineTools/usr/bin/cc    -std=c90 -o CMakeFiles/cmTC_51196.dir/feature_tests.c.o   -c "/Users/apple/Desktop/Json Interpreter/build/CMakeFiles/feature_tests.c"
Linking C executable cmTC_51196
/usr/local/Cellar/cmake/3.6.2/bin/cmake -E cmake_link_script CMakeFiles/cmTC_51196.dir/link.txt --verbose=1
/Library/Developer/CommandLineTools/usr/bin/cc    -Wl,-search_paths_first -Wl,-headerpad_max_install_names   CMakeFiles/cmTC_51196.dir/feature_tests.c.o  -o cmTC_51196  


    Feature record: C_FEATURE:1c_function_prototypes
    Feature record: C_FEATURE:0c_restrict
    Feature record: C_FEATURE:0c_static_assert
    Feature record: C_FEATURE:0c_variadic_macros
